#
# There is insufficient memory for the Java Runtime Environment to continue.
# Native memory allocation (malloc) failed to allocate 32744 bytes for ChunkPool::allocate
# Possible reasons:
#   The system is out of physical RAM or swap space
#   The process is running with CompressedOops enabled, and the Java Heap may be blocking the growth of the native heap
# Possible solutions:
#   Reduce memory load on the system
#   Increase physical memory or swap space
#   Check if swap backing store is full
#   Decrease Java heap size (-Xmx/-Xms)
#   Decrease number of Java threads
#   Decrease Java thread stack sizes (-Xss)
#   Set larger code cache with -XX:ReservedCodeCacheSize=
#   JVM is running with Unscaled Compressed Oops mode in which the Java heap is
#     placed in the first 4GB address space. The Java Heap base address is the
#     maximum limit for the native heap growth. Please use -XX:HeapBaseMinAddress
#     to set the Java Heap base and to place the Java Heap above 4GB virtual address.
# This output file may be truncated or incomplete.
#
#  Out of Memory Error (allocation.cpp:272), pid=7488, tid=0x00000000000022e0
#
# JRE version: OpenJDK Runtime Environment (8.0_242-b01) (build 1.8.0_242-release-1644-b01)
# Java VM: OpenJDK 64-Bit Server VM (25.242-b01 mixed mode windows-amd64 compressed oops)
# Failed to write core dump. Minidumps are not enabled by default on client versions of Windows
#

---------------  T H R E A D  ---------------

Current thread (0x0000000017af2000):  JavaThread "C2 CompilerThread0" daemon [_thread_in_native, id=8928, stack(0x0000000019500000,0x0000000019600000)]

Stack: [0x0000000019500000,0x0000000019600000]
[error occurred during error reporting (printing stack bounds), id 0xc0000005]

Native frames: (J=compiled Java code, j=interpreted, Vv=VM code, C=native code)


Current CompileTask:
C2:  17381 2724   !   4       java.net.URLClassLoader$1::run (63 bytes)


---------------  P R O C E S S  ---------------

Java Threads: ( => current thread )
  0x000000001a4d9800 JavaThread "Cache worker for file content cache (C:\Users\User\.gradle\caches\6.5\fileContent)" [_thread_blocked, id=14984, stack(0x0000000022310000,0x0000000022410000)]
  0x000000001a4d8000 JavaThread "Cache worker for execution history cache (C:\Users\User\.gradle\caches\6.5\executionHistory)" [_thread_blocked, id=13816, stack(0x0000000021e10000,0x0000000021f10000)]
  0x000000001a4d4800 JavaThread "Cache worker for cache directory md-rule (C:\Users\User\.gradle\caches\6.5\md-rule)" [_thread_blocked, id=11896, stack(0x0000000021b10000,0x0000000021c10000)]
  0x0000000019d2d800 JavaThread "Cache worker for cache directory md-supplier (C:\Users\User\.gradle\caches\6.5\md-supplier)" [_thread_blocked, id=11152, stack(0x0000000021a10000,0x0000000021b10000)]
  0x0000000019d2d000 JavaThread "Cache worker for checksums cache (C:\Users\User\AndroidStudioProjects\TODO_20_I\.gradle\checksums)" [_thread_blocked, id=15004, stack(0x0000000021910000,0x0000000021a10000)]
  0x0000000019d29000 JavaThread "jar transforms Thread 25" [_thread_blocked, id=9408, stack(0x0000000021610000,0x0000000021710000)]
  0x0000000019d2e800 JavaThread "jar transforms Thread 24" [_thread_blocked, id=15216, stack(0x0000000021510000,0x0000000021610000)]
  0x0000000019d2b800 JavaThread "jar transforms Thread 23" [_thread_blocked, id=2332, stack(0x0000000021410000,0x0000000021510000)]
  0x0000000019d2c000 JavaThread "jar transforms Thread 22" [_thread_blocked, id=10000, stack(0x0000000021310000,0x0000000021410000)]
  0x0000000019d2a800 JavaThread "jar transforms Thread 21" [_thread_blocked, id=14176, stack(0x0000000021210000,0x0000000021310000)]
  0x0000000019d28800 JavaThread "jar transforms Thread 20" [_thread_blocked, id=9572, stack(0x0000000021110000,0x0000000021210000)]
  0x0000000019d2a000 JavaThread "jar transforms Thread 19" [_thread_blocked, id=3604, stack(0x0000000020f10000,0x0000000021010000)]
  0x0000000019d21000 JavaThread "jar transforms Thread 18" [_thread_blocked, id=15288, stack(0x0000000020e10000,0x0000000020f10000)]
  0x0000000019d24800 JavaThread "jar transforms Thread 17" [_thread_blocked, id=12396, stack(0x0000000020d10000,0x0000000020e10000)]
  0x0000000019d24000 JavaThread "jar transforms Thread 16" [_thread_blocked, id=12228, stack(0x0000000020c10000,0x0000000020d10000)]
  0x0000000019d21800 JavaThread "jar transforms Thread 15" [_thread_blocked, id=2700, stack(0x0000000020b10000,0x0000000020c10000)]
  0x0000000019d27800 JavaThread "jar transforms Thread 14" [_thread_blocked, id=8468, stack(0x0000000020a10000,0x0000000020b10000)]
  0x0000000019d23000 JavaThread "jar transforms Thread 13" [_thread_blocked, id=14452, stack(0x0000000020910000,0x0000000020a10000)]
  0x0000000019d20000 JavaThread "jar transforms Thread 12" [_thread_blocked, id=4456, stack(0x0000000020810000,0x0000000020910000)]
  0x0000000019d27000 JavaThread "jar transforms Thread 11" [_thread_blocked, id=15152, stack(0x0000000020710000,0x0000000020810000)]
  0x0000000019d26000 JavaThread "jar transforms Thread 10" [_thread_blocked, id=14708, stack(0x0000000020610000,0x0000000020710000)]
  0x0000000019d25800 JavaThread "jar transforms Thread 9" [_thread_blocked, id=13948, stack(0x0000000020510000,0x0000000020610000)]
  0x0000000019d1f800 JavaThread "jar transforms Thread 8" [_thread_blocked, id=13536, stack(0x0000000020410000,0x0000000020510000)]
  0x0000000019d22800 JavaThread "jar transforms Thread 7" [_thread_blocked, id=3952, stack(0x0000000020310000,0x0000000020410000)]
  0x000000001a748800 JavaThread "jar transforms Thread 6" [_thread_blocked, id=3572, stack(0x0000000020210000,0x0000000020310000)]
  0x000000001a743800 JavaThread "jar transforms Thread 5" [_thread_blocked, id=14384, stack(0x000000001ff10000,0x0000000020010000)]
  0x000000001a742800 JavaThread "jar transforms Thread 4" [_thread_blocked, id=14832, stack(0x000000001fe10000,0x000000001ff10000)]
  0x000000001a748000 JavaThread "jar transforms Thread 3" [_thread_blocked, id=11524, stack(0x000000001ecb0000,0x000000001edb0000)]
  0x000000001a747000 JavaThread "jar transforms Thread 2" [_thread_blocked, id=5740, stack(0x000000001ebb0000,0x000000001ecb0000)]
  0x000000001a746800 JavaThread "jar transforms" [_thread_blocked, id=7440, stack(0x000000001eab0000,0x000000001ebb0000)]
  0x000000001a745000 JavaThread "Cache worker for file hash cache (C:\Users\User\AndroidStudioProjects\TODO_20_I\.gradle\6.5\fileHashes)" [_thread_blocked, id=9664, stack(0x000000001e9b0000,0x000000001eab0000)]
  0x000000001a742000 JavaThread "Cache worker for file hash cache (C:\Users\User\.gradle\caches\6.5\fileHashes)" [_thread_blocked, id=11048, stack(0x000000001d6e0000,0x000000001d7e0000)]
  0x000000001a745800 JavaThread "File lock request listener" [_thread_in_native, id=9328, stack(0x000000001d5e0000,0x000000001d6e0000)]
  0x000000001a744000 JavaThread "Cache worker for journal cache (C:\Users\User\.gradle\caches\journal-1)" [_thread_blocked, id=5792, stack(0x000000001d4e0000,0x000000001d5e0000)]
  0x000000001a81a800 JavaThread "Thread-9" [_thread_blocked, id=7784, stack(0x000000001d1e0000,0x000000001d2e0000)]
  0x000000001a817800 JavaThread "Stdin handler" [_thread_blocked, id=4332, stack(0x000000001d0e0000,0x000000001d1e0000)]
  0x000000001a813000 JavaThread "Asynchronous log dispatcher for DefaultDaemonConnection: socket connection from /127.0.0.1:56855 to /127.0.0.1:56857" [_thread_blocked, id=11188, stack(0x000000001cfe0000,0x000000001d0e0000)]
  0x00000000192df000 JavaThread "Daemon worker" [_thread_in_Java, id=13492, stack(0x000000001cee0000,0x000000001cfe0000)]
  0x00000000192de000 JavaThread "Cancel handler" [_thread_blocked, id=14748, stack(0x000000001cde0000,0x000000001cee0000)]
  0x000000001a5e9000 JavaThread "Handler for socket connection from /127.0.0.1:56855 to /127.0.0.1:56857" [_thread_in_native, id=9696, stack(0x000000001cce0000,0x000000001cde0000)]
  0x000000001a5e8800 JavaThread "Daemon" [_thread_blocked, id=11096, stack(0x000000001cbe0000,0x000000001cce0000)]
  0x000000001a98b800 JavaThread "Daemon periodic checks" [_thread_in_Java, id=12488, stack(0x000000001c8e0000,0x000000001c9e0000)]
  0x00000000192b8800 JavaThread "Incoming local TCP Connector on port 56855" [_thread_in_native, id=13932, stack(0x000000001c6a0000,0x000000001c7a0000)]
  0x000000001b345000 JavaThread "Daemon health stats" [_thread_blocked, id=3384, stack(0x000000001c3a0000,0x000000001c4a0000)]
  0x0000000017afe800 JavaThread "Service Thread" daemon [_thread_blocked, id=5688, stack(0x0000000019800000,0x0000000019900000)]
  0x0000000017afc800 JavaThread "C1 CompilerThread2" daemon [_thread_blocked, id=11420, stack(0x0000000019700000,0x0000000019800000)]
  0x0000000017af4000 JavaThread "C2 CompilerThread1" daemon [_thread_in_native, id=15156, stack(0x0000000019600000,0x0000000019700000)]
=>0x0000000017af2000 JavaThread "C2 CompilerThread0" daemon [_thread_in_native, id=8928, stack(0x0000000019500000,0x0000000019600000)]
  0x0000000017aad800 JavaThread "Attach Listener" daemon [_thread_blocked, id=12272, stack(0x0000000019400000,0x0000000019500000)]
  0x0000000018f10800 JavaThread "Signal Dispatcher" daemon [_thread_blocked, id=15172, stack(0x0000000019300000,0x0000000019400000)]
  0x0000000017a89800 JavaThread "Finalizer" daemon [_thread_blocked, id=15144, stack(0x0000000018d00000,0x0000000018e00000)]
  0x0000000002e71000 JavaThread "Reference Handler" daemon [_thread_blocked, id=7084, stack(0x0000000018c00000,0x0000000018d00000)]
  0x000000000111d800 JavaThread "main" [_thread_blocked, id=3836, stack(0x0000000002c80000,0x0000000002d80000)]

Other Threads:
  0x0000000017a66000 VMThread [stack: 0x0000000018b00000,0x0000000018c00000] [id=3512]
  0x0000000018f8c000 WatcherThread [stack: 0x0000000019900000,0x0000000019a00000] [id=9688]

VM state:not at safepoint (normal execution)

VM Mutex/Monitor currently owned by a thread: None

heap address: 0x0000000080000000, size: 2048 MB, Compressed Oops mode: 32-bit
Narrow klass base: 0x0000000000000000, Narrow klass shift: 3
Compressed class space size: 1073741824 Address: 0x0000000100000000

Heap:
 PSYoungGen      total 135680K, used 120348K [0x00000000d5580000, 0x00000000de480000, 0x0000000100000000)
  eden space 126464K, 95% used [0x00000000d5580000,0x00000000dcb071e0,0x00000000dd100000)
  from space 9216K, 0% used [0x00000000dda80000,0x00000000dda80000,0x00000000de380000)
  to   space 9728K, 0% used [0x00000000dd100000,0x00000000dd100000,0x00000000dda80000)
 ParOldGen       total 44544K, used 15915K [0x0000000080000000, 0x0000000082b80000, 0x00000000d5580000)
  object space 44544K, 35% used [0x0000000080000000,0x0000000080f8aff8,0x0000000082b80000)
 Metaspace       used 32246K, capacity 33368K, committed 33664K, reserved 1079296K
  class space    used 4327K, capacity 4615K, committed 4736K, reserved 1048576K

Card table byte_map: [0x0000000012240000,0x0000000012650000] byte_map_base: 0x0000000011e40000

Marking Bits: (ParMarkBitMap*) 0x000000006773f030
 Begin Bits: [0x0000000012d00000, 0x0000000014d00000)
 End Bits:   [0x0000000014d00000, 0x0000000016d00000)

Polling page: 0x00000000010e0000

CodeCache: size=245760Kb used=9553Kb max_used=9553Kb free=236206Kb
 bounds [0x0000000002e80000, 0x00000000037e0000, 0x0000000011e80000]
 total_blobs=3195 nmethods=2508 adapters=600
 compilation: enabled

Compilation events (10 events):
Event: 17.007 Thread 0x0000000017afc800 2731  s    3       java.lang.StringBuffer::append (13 bytes)
Event: 17.007 Thread 0x0000000017afc800 nmethod 2731 0x00000000037c9550 code [0x00000000037c96c0, 0x00000000037c99e8]
Event: 17.007 Thread 0x0000000017afc800 2732       3       java.lang.StringBuffer::append (6 bytes)
Event: 17.008 Thread 0x0000000017afc800 nmethod 2732 0x00000000037c8ed0 code [0x00000000037c9040, 0x00000000037c9448]
Event: 17.011 Thread 0x0000000017afc800 2733       3       com.google.common.collect.AbstractMapBasedMultimap$WrappedCollection::refreshIfEmpty (78 bytes)
Event: 17.012 Thread 0x0000000017afc800 nmethod 2733 0x00000000037c8390 code [0x00000000037c8540, 0x00000000037c8c78]
Event: 17.096 Thread 0x0000000017afc800 2734       3       sun.reflect.generics.repository.MethodRepository::getReturnType (41 bytes)
Event: 17.097 Thread 0x0000000017afc800 nmethod 2734 0x00000000037c7850 code [0x00000000037c7a00, 0x00000000037c8128]
Event: 17.101 Thread 0x0000000017afc800 2737       2       org.objectweb.asm.Frame::execute (2318 bytes)
Event: 17.109 Thread 0x0000000017afc800 nmethod 2737 0x00000000037d8f10 code [0x00000000037d9920, 0x00000000037dc6f8]

GC Heap History (10 events):
Event: 4.199 GC heap before
{Heap before GC invocations=3 (full 0):
 PSYoungGen      total 34304K, used 34295K [0x00000000d5580000, 0x00000000d7980000, 0x0000000100000000)
  eden space 31744K, 100% used [0x00000000d5580000,0x00000000d7480000,0x00000000d7480000)
  from space 2560K, 99% used [0x00000000d7700000,0x00000000d797dd48,0x00000000d7980000)
  to   space 2560K, 0% used [0x00000000d7480000,0x00000000d7480000,0x00000000d7700000)
 ParOldGen       total 42496K, used 1202K [0x0000000080000000, 0x0000000082980000, 0x00000000d5580000)
  object space 42496K, 2% used [0x0000000080000000,0x000000008012ca48,0x0000000082980000)
 Metaspace       used 7501K, capacity 7742K, committed 7936K, reserved 1056768K
  class space    used 910K, capacity 1005K, committed 1024K, reserved 1048576K
Event: 4.208 GC heap after
Heap after GC invocations=3 (full 0):
 PSYoungGen      total 34304K, used 2557K [0x00000000d5580000, 0x00000000d9880000, 0x0000000100000000)
  eden space 31744K, 0% used [0x00000000d5580000,0x00000000d5580000,0x00000000d7480000)
  from space 2560K, 99% used [0x00000000d7480000,0x00000000d76ff630,0x00000000d7700000)
  to   space 2560K, 0% used [0x00000000d9600000,0x00000000d9600000,0x00000000d9880000)
 ParOldGen       total 42496K, used 1938K [0x0000000080000000, 0x0000000082980000, 0x00000000d5580000)
  object space 42496K, 4% used [0x0000000080000000,0x00000000801e4b80,0x0000000082980000)
 Metaspace       used 7501K, capacity 7742K, committed 7936K, reserved 1056768K
  class space    used 910K, capacity 1005K, committed 1024K, reserved 1048576K
}
Event: 7.286 GC heap before
{Heap before GC invocations=4 (full 0):
 PSYoungGen      total 34304K, used 34301K [0x00000000d5580000, 0x00000000d9880000, 0x0000000100000000)
  eden space 31744K, 100% used [0x00000000d5580000,0x00000000d7480000,0x00000000d7480000)
  from space 2560K, 99% used [0x00000000d7480000,0x00000000d76ff630,0x00000000d7700000)
  to   space 2560K, 0% used [0x00000000d9600000,0x00000000d9600000,0x00000000d9880000)
 ParOldGen       total 42496K, used 1938K [0x0000000080000000, 0x0000000082980000, 0x00000000d5580000)
  object space 42496K, 4% used [0x0000000080000000,0x00000000801e4b80,0x0000000082980000)
 Metaspace       used 11318K, capacity 11594K, committed 11904K, reserved 1058816K
  class space    used 1498K, capacity 1607K, committed 1664K, reserved 1048576K
Event: 7.303 GC heap after
Heap after GC invocations=4 (full 0):
 PSYoungGen      total 66048K, used 2557K [0x00000000d5580000, 0x00000000d9880000, 0x0000000100000000)
  eden space 63488K, 0% used [0x00000000d5580000,0x00000000d5580000,0x00000000d9380000)
  from space 2560K, 99% used [0x00000000d9600000,0x00000000d987f630,0x00000000d9880000)
  to   space 2560K, 0% used [0x00000000d9380000,0x00000000d9380000,0x00000000d9600000)
 ParOldGen       total 42496K, used 5100K [0x0000000080000000, 0x0000000082980000, 0x00000000d5580000)
  object space 42496K, 12% used [0x0000000080000000,0x00000000804fb3b8,0x0000000082980000)
 Metaspace       used 11318K, capacity 11594K, committed 11904K, reserved 1058816K
  class space    used 1498K, capacity 1607K, committed 1664K, reserved 1048576K
}
Event: 10.072 GC heap before
{Heap before GC invocations=5 (full 0):
 PSYoungGen      total 66048K, used 66045K [0x00000000d5580000, 0x00000000d9880000, 0x0000000100000000)
  eden space 63488K, 100% used [0x00000000d5580000,0x00000000d9380000,0x00000000d9380000)
  from space 2560K, 99% used [0x00000000d9600000,0x00000000d987f630,0x00000000d9880000)
  to   space 2560K, 0% used [0x00000000d9380000,0x00000000d9380000,0x00000000d9600000)
 ParOldGen       total 42496K, used 5100K [0x0000000080000000, 0x0000000082980000, 0x00000000d5580000)
  object space 42496K, 12% used [0x0000000080000000,0x00000000804fb3b8,0x0000000082980000)
 Metaspace       used 17060K, capacity 17634K, committed 17920K, reserved 1064960K
  class space    used 2306K, capacity 2477K, committed 2560K, reserved 1048576K
Event: 10.106 GC heap after
Heap after GC invocations=5 (full 0):
 PSYoungGen      total 66048K, used 2557K [0x00000000d5580000, 0x00000000de380000, 0x0000000100000000)
  eden space 63488K, 0% used [0x00000000d5580000,0x00000000d5580000,0x00000000d9380000)
  from space 2560K, 99% used [0x00000000d9380000,0x00000000d95ff630,0x00000000d9600000)
  to   space 9216K, 0% used [0x00000000dda80000,0x00000000dda80000,0x00000000de380000)
 ParOldGen       total 42496K, used 11103K [0x0000000080000000, 0x0000000082980000, 0x00000000d5580000)
  object space 42496K, 26% used [0x0000000080000000,0x0000000080ad7e50,0x0000000082980000)
 Metaspace       used 17060K, capacity 17634K, committed 17920K, reserved 1064960K
  class space    used 2306K, capacity 2477K, committed 2560K, reserved 1048576K
}
Event: 11.661 GC heap before
{Heap before GC invocations=6 (full 0):
 PSYoungGen      total 66048K, used 42085K [0x00000000d5580000, 0x00000000de380000, 0x0000000100000000)
  eden space 63488K, 62% used [0x00000000d5580000,0x00000000d7c19ec8,0x00000000d9380000)
  from space 2560K, 99% used [0x00000000d9380000,0x00000000d95ff630,0x00000000d9600000)
  to   space 9216K, 0% used [0x00000000dda80000,0x00000000dda80000,0x00000000de380000)
 ParOldGen       total 42496K, used 11103K [0x0000000080000000, 0x0000000082980000, 0x00000000d5580000)
  object space 42496K, 26% used [0x0000000080000000,0x0000000080ad7e50,0x0000000082980000)
 Metaspace       used 20548K, capacity 21218K, committed 21296K, reserved 1067008K
  class space    used 2859K, capacity 3035K, committed 3072K, reserved 1048576K
Event: 11.680 GC heap after
Heap after GC invocations=6 (full 0):
 PSYoungGen      total 135680K, used 7241K [0x00000000d5580000, 0x00000000de480000, 0x0000000100000000)
  eden space 126464K, 0% used [0x00000000d5580000,0x00000000d5580000,0x00000000dd100000)
  from space 9216K, 78% used [0x00000000dda80000,0x00000000de1926c8,0x00000000de380000)
  to   space 9728K, 0% used [0x00000000dd100000,0x00000000dd100000,0x00000000dda80000)
 ParOldGen       total 42496K, used 11111K [0x0000000080000000, 0x0000000082980000, 0x00000000d5580000)
  object space 42496K, 26% used [0x0000000080000000,0x0000000080ad9e50,0x0000000082980000)
 Metaspace       used 20548K, capacity 21218K, committed 21296K, reserved 1067008K
  class space    used 2859K, capacity 3035K, committed 3072K, reserved 1048576K
}
Event: 11.680 GC heap before
{Heap before GC invocations=7 (full 1):
 PSYoungGen      total 135680K, used 7241K [0x00000000d5580000, 0x00000000de480000, 0x0000000100000000)
  eden space 126464K, 0% used [0x00000000d5580000,0x00000000d5580000,0x00000000dd100000)
  from space 9216K, 78% used [0x00000000dda80000,0x00000000de1926c8,0x00000000de380000)
  to   space 9728K, 0% used [0x00000000dd100000,0x00000000dd100000,0x00000000dda80000)
 ParOldGen       total 42496K, used 11111K [0x0000000080000000, 0x0000000082980000, 0x00000000d5580000)
  object space 42496K, 26% used [0x0000000080000000,0x0000000080ad9e50,0x0000000082980000)
 Metaspace       used 20548K, capacity 21218K, committed 21296K, reserved 1067008K
  class space    used 2859K, capacity 3035K, committed 3072K, reserved 1048576K
Event: 11.766 GC heap after
Heap after GC invocations=7 (full 1):
 PSYoungGen      total 135680K, used 0K [0x00000000d5580000, 0x00000000de480000, 0x0000000100000000)
  eden space 126464K, 0% used [0x00000000d5580000,0x00000000d5580000,0x00000000dd100000)
  from space 9216K, 0% used [0x00000000dda80000,0x00000000dda80000,0x00000000de380000)
  to   space 9728K, 0% used [0x00000000dd100000,0x00000000dd100000,0x00000000dda80000)
 ParOldGen       total 44544K, used 15915K [0x0000000080000000, 0x0000000082b80000, 0x00000000d5580000)
  object space 44544K, 35% used [0x0000000080000000,0x0000000080f8aff8,0x0000000082b80000)
 Metaspace       used 20548K, capacity 21218K, committed 21296K, reserved 1067008K
  class space    used 2859K, capacity 3035K, committed 3072K, reserved 1048576K
}

Deoptimization events (10 events):
Event: 12.473 Thread 0x00000000192df000 Uncommon trap: reason=unstable_if action=reinterpret pc=0x0000000003357d28 method=java.util.HashMap.hash(Ljava/lang/Object;)I @ 1
Event: 12.508 Thread 0x00000000192df000 Uncommon trap: reason=unstable_if action=reinterpret pc=0x00000000033f713c method=jdk.internal.org.objectweb.asm.Type.getArgumentsAndReturnSizes(Ljava/lang/String;)I @ 88
Event: 12.689 Thread 0x00000000192df000 Uncommon trap: reason=unstable_if action=reinterpret pc=0x000000000319aafc method=java.io.WinNTFileSystem.resolve(Ljava/lang/String;Ljava/lang/String;)Ljava/lang/String; @ 49
Event: 13.686 Thread 0x00000000192df000 Uncommon trap: reason=unstable_if action=reinterpret pc=0x00000000034bcd0c method=java.lang.ClassLoader.getClassLoadingLock(Ljava/lang/String;)Ljava/lang/Object; @ 6
Event: 13.756 Thread 0x00000000192df000 Uncommon trap: reason=class_check action=maybe_recompile pc=0x000000000331ca20 method=java.io.BufferedInputStream.read([BII)I @ 101
Event: 13.756 Thread 0x00000000192df000 Uncommon trap: reason=class_check action=maybe_recompile pc=0x000000000331ca20 method=java.io.BufferedInputStream.read([BII)I @ 101
Event: 13.757 Thread 0x00000000192df000 Uncommon trap: reason=class_check action=maybe_recompile pc=0x000000000331ca20 method=java.io.BufferedInputStream.read([BII)I @ 101
Event: 13.758 Thread 0x00000000192df000 Uncommon trap: reason=class_check action=maybe_recompile pc=0x000000000331ca20 method=java.io.BufferedInputStream.read([BII)I @ 101
Event: 13.759 Thread 0x00000000192df000 Uncommon trap: reason=bimorphic action=maybe_recompile pc=0x0000000003485d78 method=java.io.BufferedInputStream.read([BII)I @ 101
Event: 17.100 Thread 0x00000000192df000 Uncommon trap: reason=range_check action=make_not_entrant pc=0x00000000037cfefc method=java.lang.String.charAt(I)C @ 27

Classes redefined (0 events):
No events

Internal exceptions (10 events):
Event: 14.849 Thread 0x00000000192df000 Exception <a 'java/lang/ClassNotFoundException': groovy/lang/Closure$1Customizer> (0x00000000db09f4a8) thrown at [C:\src\AOSP-openjdk-git\hotspot\src\share\vm\classfile\systemDictionary.cpp, line 210]
Event: 15.672 Thread 0x00000000192df000 Exception <a 'java/lang/ClassNotFoundException': org/gradle/internal/metaobject/ConfigureDelegateBeanInfo> (0x00000000db75f908) thrown at [C:\src\AOSP-openjdk-git\hotspot\src\share\vm\classfile\systemDictionary.cpp, line 210]
Event: 15.674 Thread 0x00000000192df000 Exception <a 'java/lang/ClassNotFoundException': org/gradle/internal/metaobject/ConfigureDelegateCustomizer> (0x00000000db78d3d0) thrown at [C:\src\AOSP-openjdk-git\hotspot\src\share\vm\classfile\systemDictionary.cpp, line 210]
Event: 15.682 Thread 0x00000000192df000 Exception <a 'java/lang/ClassNotFoundException': org/gradle/api/internal/initialization/DefaultScriptHandlerBeanInfo> (0x00000000db810990) thrown at [C:\src\AOSP-openjdk-git\hotspot\src\share\vm\classfile\systemDictionary.cpp, line 210]
Event: 15.683 Thread 0x00000000192df000 Exception <a 'java/lang/ClassNotFoundException': org/gradle/api/internal/initialization/DefaultScriptHandlerCustomizer> (0x00000000db846918) thrown at [C:\src\AOSP-openjdk-git\hotspot\src\share\vm\classfile\systemDictionary.cpp, line 210]
Event: 15.913 Thread 0x00000000192df000 Exception <a 'java/lang/ClassNotFoundException': org/gradle/api/internal/artifacts/dsl/dependencies/DefaultDependencyHandler_DecoratedBeanInfo> (0x00000000dc16a068) thrown at [C:\src\AOSP-openjdk-git\hotspot\src\share\vm\classfile\systemDictionary.cpp, li
Event: 15.915 Thread 0x00000000192df000 Exception <a 'java/lang/ClassNotFoundException': org/gradle/api/internal/artifacts/dsl/dependencies/DefaultDependencyHandlerBeanInfo> (0x00000000dc1c2bb8) thrown at [C:\src\AOSP-openjdk-git\hotspot\src\share\vm\classfile\systemDictionary.cpp, line 210]
Event: 15.918 Thread 0x00000000192df000 Exception <a 'java/lang/ClassNotFoundException': org/gradle/api/internal/artifacts/dsl/dependencies/DefaultDependencyHandlerCustomizer> (0x00000000dc21c548) thrown at [C:\src\AOSP-openjdk-git\hotspot\src\share\vm\classfile\systemDictionary.cpp, line 210]
Event: 15.948 Thread 0x00000000192df000 Exception <a 'java/lang/ClassNotFoundException': org/gradle/api/internal/artifacts/dsl/dependencies/DefaultDependencyHandler_DecoratedCustomizer> (0x00000000dc2a7328) thrown at [C:\src\AOSP-openjdk-git\hotspot\src\share\vm\classfile\systemDictionary.cpp, 
Event: 17.113 Thread 0x00000000192df000 Exception <a 'java/lang/NoSuchMethodError': java.lang.Object.lambda$static$0(Lorg/gradle/api/internal/artifacts/configurations/MutationValidator$MutationType;)V> (0x00000000dc97e778) thrown at [C:\src\AOSP-openjdk-git\hotspot\src\share\vm\interpreter\link

Events (10 events):
Event: 17.100 Thread 0x00000000192df000 DEOPT PACKING pc=0x00000000037cfefc sp=0x000000001cfda9f0
Event: 17.100 Thread 0x00000000192df000 DEOPT UNPACKING pc=0x0000000002ec557b sp=0x000000001cfda8d0 mode 2
Event: 17.110 loading class org/gradle/api/internal/artifacts/configurations/MutationValidator$MutationType
Event: 17.110 loading class org/gradle/api/internal/artifacts/configurations/MutationValidator$MutationType done
Event: 17.111 loading class org/gradle/api/internal/artifacts/configurations/MutationValidator$MutationType
Event: 17.111 loading class org/gradle/api/internal/artifacts/configurations/MutationValidator$MutationType done
Event: 17.114 loading class org/gradle/api/internal/artifacts/configurations/MutationValidator
Event: 17.114 loading class org/gradle/api/internal/artifacts/configurations/MutationValidator done
Event: 17.161 loading class org/gradle/api/internal/artifacts/cache/DependencyResolutionControl
Event: 17.161 loading class org/gradle/api/internal/artifacts/cache/DependencyResolutionControl done


Dynamic libraries:
0x00007ff7b3c90000 - 0x00007ff7b3cc1000 	C:\Program Files\Android\Android Studio\jre\bin\java.exe
0x00007ffa02e70000 - 0x00007ffa03065000 	C:\WINDOWS\SYSTEM32\ntdll.dll
0x00007ffa021a0000 - 0x00007ffa0225d000 	C:\WINDOWS\System32\KERNEL32.DLL
0x00007ffa00ba0000 - 0x00007ffa00e68000 	C:\WINDOWS\System32\KERNELBASE.dll
0x00007ffa02470000 - 0x00007ffa0251c000 	C:\WINDOWS\System32\ADVAPI32.dll
0x00007ffa02d90000 - 0x00007ffa02e2e000 	C:\WINDOWS\System32\msvcrt.dll
0x00007ffa02550000 - 0x00007ffa025eb000 	C:\WINDOWS\System32\sechost.dll
0x00007ffa01630000 - 0x00007ffa0175b000 	C:\WINDOWS\System32\RPCRT4.dll
0x00007ffa01b20000 - 0x00007ffa01cc0000 	C:\WINDOWS\System32\USER32.dll
0x00007ffa00b70000 - 0x00007ffa00b92000 	C:\WINDOWS\System32\win32u.dll
0x00007ffa02520000 - 0x00007ffa0254a000 	C:\WINDOWS\System32\GDI32.dll
0x00007ffa00a60000 - 0x00007ffa00b6b000 	C:\WINDOWS\System32\gdi32full.dll
0x00007ffa009c0000 - 0x00007ffa00a5d000 	C:\WINDOWS\System32\msvcp_win.dll
0x00007ffa007e0000 - 0x00007ffa008e0000 	C:\WINDOWS\System32\ucrtbase.dll
0x00007ff9ea930000 - 0x00007ff9eabca000 	C:\WINDOWS\WinSxS\amd64_microsoft.windows.common-controls_6595b64144ccf1df_6.0.19041.844_none_ca00b6081b84eb1d\COMCTL32.dll
0x00007ffa02800000 - 0x00007ffa02830000 	C:\WINDOWS\System32\IMM32.DLL
0x00000000669e0000 - 0x0000000066ab2000 	C:\Program Files\Android\Android Studio\jre\jre\bin\msvcr100.dll
0x0000000066f70000 - 0x00000000677bb000 	C:\Program Files\Android\Android Studio\jre\jre\bin\server\jvm.dll
0x00007ffa02190000 - 0x00007ffa02198000 	C:\WINDOWS\System32\PSAPI.DLL
0x00007ff9fdbb0000 - 0x00007ff9fdbb9000 	C:\WINDOWS\SYSTEM32\WSOCK32.dll
0x00007ff9e9580000 - 0x00007ff9e95a7000 	C:\WINDOWS\SYSTEM32\WINMM.dll
0x00007ffa02d20000 - 0x00007ffa02d8b000 	C:\WINDOWS\System32\WS2_32.dll
0x00007ff9fdad0000 - 0x00007ff9fdada000 	C:\WINDOWS\SYSTEM32\VERSION.dll
0x00007ff9fdac0000 - 0x00007ff9fdacf000 	C:\Program Files\Android\Android Studio\jre\jre\bin\verify.dll
0x00007ff9fac10000 - 0x00007ff9fac39000 	C:\Program Files\Android\Android Studio\jre\jre\bin\java.dll
0x00007ff9fb9f0000 - 0x00007ff9fba06000 	C:\Program Files\Android\Android Studio\jre\jre\bin\zip.dll
0x00007ffa00ed0000 - 0x00007ffa01612000 	C:\WINDOWS\System32\SHELL32.dll
0x00007ff9fe340000 - 0x00007ff9fead0000 	C:\WINDOWS\SYSTEM32\windows.storage.dll
0x00007ffa017c0000 - 0x00007ffa01b15000 	C:\WINDOWS\System32\combase.dll
0x00007ff9fff50000 - 0x00007ff9fff7c000 	C:\WINDOWS\SYSTEM32\Wldp.dll
0x00007ffa028e0000 - 0x00007ffa0298e000 	C:\WINDOWS\System32\SHCORE.dll
0x00007ffa02130000 - 0x00007ffa02185000 	C:\WINDOWS\System32\shlwapi.dll
0x00007ffa004f0000 - 0x00007ffa0050f000 	C:\WINDOWS\SYSTEM32\profapi.dll
0x00007ff9f9750000 - 0x00007ff9f976a000 	C:\Program Files\Android\Android Studio\jre\jre\bin\net.dll
0x00007ff9ffcc0000 - 0x00007ff9ffd2a000 	C:\WINDOWS\system32\mswsock.dll
0x00007ff9f8d70000 - 0x00007ff9f8d83000 	C:\Program Files\Android\Android Studio\jre\jre\bin\nio.dll
0x00007ff9eb270000 - 0x00007ff9eb297000 	C:\Users\User\.gradle\native\f6784746aeab05261644944871eae4fe03e0ef1612fff0a4a95f87b438bc6780\windows-amd64\native-platform.dll
0x00007ff9fdaa0000 - 0x00007ff9fdaad000 	C:\Program Files\Android\Android Studio\jre\jre\bin\management.dll
0x00007ff9ffea0000 - 0x00007ff9ffeb8000 	C:\WINDOWS\SYSTEM32\CRYPTSP.dll
0x00007ff9ff660000 - 0x00007ff9ff694000 	C:\WINDOWS\system32\rsaenh.dll
0x00007ffa00990000 - 0x00007ffa009b7000 	C:\WINDOWS\System32\bcrypt.dll
0x00007ffa004b0000 - 0x00007ffa004de000 	C:\WINDOWS\SYSTEM32\USERENV.dll
0x00007ffa00760000 - 0x00007ffa007e0000 	C:\WINDOWS\System32\bcryptprimitives.dll
0x00007ff9ffe90000 - 0x00007ff9ffe9c000 	C:\WINDOWS\SYSTEM32\CRYPTBASE.dll
0x00007ff9ff9b0000 - 0x00007ff9ff9eb000 	C:\WINDOWS\SYSTEM32\IPHLPAPI.DLL
0x00007ffa02c80000 - 0x00007ffa02c88000 	C:\WINDOWS\System32\NSI.dll
0x00007ff9fdd20000 - 0x00007ff9fdd37000 	C:\WINDOWS\SYSTEM32\dhcpcsvc6.DLL
0x00007ff9fdd00000 - 0x00007ff9fdd1d000 	C:\WINDOWS\SYSTEM32\dhcpcsvc.DLL
0x00007ff9ff9f0000 - 0x00007ff9ffabc000 	C:\WINDOWS\SYSTEM32\DNSAPI.dll
0x00007ff9f95f0000 - 0x00007ff9f95fb000 	C:\WINDOWS\SYSTEM32\WINNSI.DLL

VM Arguments:
jvm_args: -Xmx2048m -Dfile.encoding=UTF-8 -Duser.country=US -Duser.language=en -Duser.variant 
java_command: org.gradle.launcher.daemon.bootstrap.GradleDaemon 6.5
java_class_path (initial): C:\Users\User\.gradle\wrapper\dists\gradle-6.5-bin\6nifqtx7604sqp1q6g8wikw7p\gradle-6.5\lib\gradle-launcher-6.5.jar
Launcher Type: SUN_STANDARD

Environment Variables:
PATH=C:\Program Files\Common Files\Oracle\Java\javapath;C:\Apache24\bin;C:\WINDOWS\system32;C:\WINDOWS;C:\WINDOWS\System32\Wbem;C:\WINDOWS\System32\WindowsPowerShell\v1.0\;C:\WINDOWS\System32\OpenSSH\;C:\Program Files\Git\cmd;C:\MinGW\bin;C:\Program Files\Java\jdk-11.0.2;C:\Users\User\AppData\Local\Microsoft\WindowsApps;C:\Program Files\Java\jdk-15\bin;
USERNAME=User
OS=Windows_NT
PROCESSOR_IDENTIFIER=Intel64 Family 6 Model 122 Stepping 1, GenuineIntel



---------------  S Y S T E M  ---------------

OS: Windows 10.0 , 64 bit Build 19041 (10.0.19041.928)

CPU:total 4 (initial active 4) (4 cores per cpu, 1 threads per core) family 6 model 122 stepping 1, cmov, cx8, fxsr, mmx, sse, sse2, sse3, ssse3, sse4.1, sse4.2, popcnt, aes, clmul, erms, 3dnowpref, tsc, tscinvbit

Memory: 4k page, physical 4005196k(197756k free), swap 16063820k(5156k free)

vm_info: OpenJDK 64-Bit Server VM (25.242-b01) for windows-amd64 JRE (1.8.0_242-release-1644-b01), built by "builder" with MS VC++ 10.0 (VS2010)

time: Mon May 24 14:13:06 2021
timezone: Bangladesh Standard Time
elapsed time: 17 seconds (0d 0h 0m 17s)

