#
# There is insufficient memory for the Java Runtime Environment to continue.
# Native memory allocation (malloc) failed to allocate 131088 bytes for Chunk::new
# Possible reasons:
#   The system is out of physical RAM or swap space
#   The process is running with CompressedOops enabled, and the Java Heap may be blocking the growth of the native heap
# Possible solutions:
#   Reduce memory load on the system
#   Increase physical memory or swap space
#   Check if swap backing store is full
#   Decrease Java heap size (-Xmx/-Xms)
#   Decrease number of Java threads
#   Decrease Java thread stack sizes (-Xss)
#   Set larger code cache with -XX:ReservedCodeCacheSize=
#   JVM is running with Unscaled Compressed Oops mode in which the Java heap is
#     placed in the first 4GB address space. The Java Heap base address is the
#     maximum limit for the native heap growth. Please use -XX:HeapBaseMinAddress
#     to set the Java Heap base and to place the Java Heap above 4GB virtual address.
# This output file may be truncated or incomplete.
#
#  Out of Memory Error (allocation.cpp:389), pid=1740, tid=0x000000000000050c
#
# JRE version: OpenJDK Runtime Environment (8.0_242-b01) (build 1.8.0_242-release-1644-b01)
# Java VM: OpenJDK 64-Bit Server VM (25.242-b01 mixed mode windows-amd64 compressed oops)
# Failed to write core dump. Minidumps are not enabled by default on client versions of Windows
#

---------------  T H R E A D  ---------------

Current thread (0x000000001793e800):  JavaThread "C2 CompilerThread0" daemon [_thread_in_native, id=1292, stack(0x0000000019390000,0x0000000019490000)]

Stack: [0x0000000019390000,0x0000000019490000]
[error occurred during error reporting (printing stack bounds), id 0xc0000005]

Native frames: (J=compiled Java code, j=interpreted, Vv=VM code, C=native code)


Current CompileTask:
C2:   8072 1578   !   4       java.net.URLClassLoader$1::run (63 bytes)


---------------  P R O C E S S  ---------------

Java Threads: ( => current thread )
  0x000000001b161000 JavaThread "Cache worker for file hash cache (C:\Users\User\.gradle\caches\6.5\fileHashes)" [_thread_blocked, id=13872, stack(0x000000001d570000,0x000000001d670000)]
  0x000000001b160800 JavaThread "File lock request listener" [_thread_in_native, id=10016, stack(0x000000001d470000,0x000000001d570000)]
  0x000000001b15f800 JavaThread "Cache worker for journal cache (C:\Users\User\.gradle\caches\journal-1)" [_thread_blocked, id=2940, stack(0x000000001d370000,0x000000001d470000)]
  0x0000000019e1a000 JavaThread "Thread-9" [_thread_blocked, id=14308, stack(0x000000001d070000,0x000000001d170000)]
  0x0000000019e2c800 JavaThread "Stdin handler" [_thread_blocked, id=13220, stack(0x000000001cf70000,0x000000001d070000)]
  0x0000000019e2c000 JavaThread "Asynchronous log dispatcher for DefaultDaemonConnection: socket connection from /127.0.0.1:56586 to /127.0.0.1:56587" [_thread_blocked, id=10856, stack(0x000000001ce70000,0x000000001cf70000)]
  0x000000001a566800 JavaThread "Daemon worker" [_thread_in_native, id=4368, stack(0x000000001cd70000,0x000000001ce70000)]
  0x0000000019e28000 JavaThread "Cancel handler" [_thread_blocked, id=5944, stack(0x000000001cc70000,0x000000001cd70000)]
  0x000000001a475800 JavaThread "Handler for socket connection from /127.0.0.1:56586 to /127.0.0.1:56587" [_thread_in_native, id=11936, stack(0x000000001cb70000,0x000000001cc70000)]
  0x000000001a472800 JavaThread "Daemon" [_thread_blocked, id=5932, stack(0x000000001ca70000,0x000000001cb70000)]
  0x000000001a46f000 JavaThread "Daemon periodic checks" [_thread_blocked, id=12212, stack(0x000000001c770000,0x000000001c870000)]
  0x000000001b1a9000 JavaThread "Incoming local TCP Connector on port 56586" [_thread_in_native, id=12636, stack(0x000000001c530000,0x000000001c630000)]
  0x0000000019179800 JavaThread "Daemon health stats" [_thread_blocked, id=7404, stack(0x000000001c230000,0x000000001c330000)]
  0x0000000018df1800 JavaThread "Service Thread" daemon [_thread_blocked, id=11460, stack(0x0000000019690000,0x0000000019790000)]
  0x0000000018de6800 JavaThread "C1 CompilerThread2" daemon [_thread_blocked, id=12232, stack(0x0000000019590000,0x0000000019690000)]
  0x000000001798a800 JavaThread "C2 CompilerThread1" daemon [_thread_in_native, id=13956, stack(0x0000000019490000,0x0000000019590000)]
=>0x000000001793e800 JavaThread "C2 CompilerThread0" daemon [_thread_in_native, id=1292, stack(0x0000000019390000,0x0000000019490000)]
  0x0000000017988800 JavaThread "Attach Listener" daemon [_thread_blocked, id=10584, stack(0x0000000019290000,0x0000000019390000)]
  0x0000000018d98800 JavaThread "Signal Dispatcher" daemon [_thread_blocked, id=9620, stack(0x0000000019190000,0x0000000019290000)]
  0x0000000017919800 JavaThread "Finalizer" daemon [_thread_blocked, id=8092, stack(0x0000000018b90000,0x0000000018c90000)]
  0x0000000002d01000 JavaThread "Reference Handler" daemon [_thread_blocked, id=6544, stack(0x0000000018a90000,0x0000000018b90000)]
  0x000000000261d800 JavaThread "main" [_thread_blocked, id=9888, stack(0x0000000002b10000,0x0000000002c10000)]

Other Threads:
  0x00000000178f6000 VMThread [stack: 0x0000000018990000,0x0000000018a90000] [id=11068]
  0x0000000018df4800 WatcherThread [stack: 0x0000000019790000,0x0000000019890000] [id=13376]

VM state:not at safepoint (normal execution)

VM Mutex/Monitor currently owned by a thread: None

heap address: 0x0000000080000000, size: 2048 MB, Compressed Oops mode: 32-bit
Narrow klass base: 0x0000000000000000, Narrow klass shift: 3
Compressed class space size: 1073741824 Address: 0x0000000100000000

Heap:
 PSYoungGen      total 36352K, used 22264K [0x00000000d5580000, 0x00000000d9f80000, 0x0000000100000000)
  eden space 31232K, 54% used [0x00000000d5580000,0x00000000d663e980,0x00000000d7400000)
  from space 5120K, 99% used [0x00000000d7400000,0x00000000d78ff848,0x00000000d7900000)
  to   space 6656K, 0% used [0x00000000d9900000,0x00000000d9900000,0x00000000d9f80000)
 ParOldGen       total 42496K, used 4720K [0x0000000080000000, 0x0000000082980000, 0x00000000d5580000)
  object space 42496K, 11% used [0x0000000080000000,0x000000008049c2c8,0x0000000082980000)
 Metaspace       used 16659K, capacity 17310K, committed 17536K, reserved 1064960K
  class space    used 2220K, capacity 2411K, committed 2432K, reserved 1048576K

Card table byte_map: [0x00000000120d0000,0x00000000124e0000] byte_map_base: 0x0000000011cd0000

Marking Bits: (ParMarkBitMap*) 0x000000006773f030
 Begin Bits: [0x0000000012b90000, 0x0000000014b90000)
 End Bits:   [0x0000000014b90000, 0x0000000016b90000)

Polling page: 0x0000000000a60000

CodeCache: size=245760Kb used=5571Kb max_used=5571Kb free=240188Kb
 bounds [0x0000000002d10000, 0x0000000003290000, 0x0000000011d10000]
 total_blobs=1973 nmethods=1572 adapters=315
 compilation: enabled

Compilation events (10 events):
Event: 7.979 Thread 0x0000000018de6800 nmethod 1571 0x000000000327b190 code [0x000000000327b300, 0x000000000327b558]
Event: 7.980 Thread 0x000000001793e800 nmethod 1573 0x000000000327ad90 code [0x000000000327aee0, 0x000000000327b018]
Event: 7.990 Thread 0x0000000018de6800 1574       3       org.gradle.internal.service.DefaultServiceRegistry$OwnServices::getProviders (26 bytes)
Event: 7.990 Thread 0x0000000018de6800 nmethod 1574 0x000000000326f650 code [0x000000000326f7e0, 0x000000000326fba8]
Event: 8.010 Thread 0x000000001793e800 1576       4       jdk.internal.org.objectweb.asm.Type::getArgumentsAndReturnSizes (151 bytes)
Event: 8.010 Thread 0x0000000018de6800 1577       3       jdk.internal.org.objectweb.asm.Frame::<init> (5 bytes)
Event: 8.011 Thread 0x0000000018de6800 nmethod 1577 0x000000000326ec90 code [0x000000000326ede0, 0x000000000326ef90]
Event: 8.019 Thread 0x000000001793e800 nmethod 1576 0x000000000327e890 code [0x000000000327e9e0, 0x000000000327ed78]
Event: 8.036 Thread 0x000000001793e800 1578   !   4       java.net.URLClassLoader$1::run (63 bytes)
Event: 8.058 Thread 0x0000000018de6800 1579   !   3       org.gradle.internal.classloader.TransformingClassLoader::findClass (203 bytes)

GC Heap History (10 events):
Event: 4.427 GC heap before
{Heap before GC invocations=3 (full 0):
 PSYoungGen      total 18432K, used 18416K [0x00000000d5580000, 0x00000000d6a00000, 0x0000000100000000)
  eden space 15872K, 100% used [0x00000000d5580000,0x00000000d6500000,0x00000000d6500000)
  from space 2560K, 99% used [0x00000000d6780000,0x00000000d69fc2c0,0x00000000d6a00000)
  to   space 2560K, 0% used [0x00000000d6500000,0x00000000d6500000,0x00000000d6780000)
 ParOldGen       total 42496K, used 1196K [0x0000000080000000, 0x0000000082980000, 0x00000000d5580000)
  object space 42496K, 2% used [0x0000000080000000,0x000000008012b148,0x0000000082980000)
 Metaspace       used 7341K, capacity 7614K, committed 7680K, reserved 1056768K
  class space    used 897K, capacity 1005K, committed 1024K, reserved 1048576K
Event: 4.431 GC heap after
Heap after GC invocations=3 (full 0):
 PSYoungGen      total 18432K, used 2461K [0x00000000d5580000, 0x00000000d6a00000, 0x0000000100000000)
  eden space 15872K, 0% used [0x00000000d5580000,0x00000000d5580000,0x00000000d6500000)
  from space 2560K, 96% used [0x00000000d6500000,0x00000000d6767630,0x00000000d6780000)
  to   space 2560K, 0% used [0x00000000d6780000,0x00000000d6780000,0x00000000d6a00000)
 ParOldGen       total 42496K, used 1204K [0x0000000080000000, 0x0000000082980000, 0x00000000d5580000)
  object space 42496K, 2% used [0x0000000080000000,0x000000008012d148,0x0000000082980000)
 Metaspace       used 7341K, capacity 7614K, committed 7680K, reserved 1056768K
  class space    used 897K, capacity 1005K, committed 1024K, reserved 1048576K
}
Event: 4.683 GC heap before
{Heap before GC invocations=4 (full 0):
 PSYoungGen      total 18432K, used 18333K [0x00000000d5580000, 0x00000000d6a00000, 0x0000000100000000)
  eden space 15872K, 100% used [0x00000000d5580000,0x00000000d6500000,0x00000000d6500000)
  from space 2560K, 96% used [0x00000000d6500000,0x00000000d6767630,0x00000000d6780000)
  to   space 2560K, 0% used [0x00000000d6780000,0x00000000d6780000,0x00000000d6a00000)
 ParOldGen       total 42496K, used 1204K [0x0000000080000000, 0x0000000082980000, 0x00000000d5580000)
  object space 42496K, 2% used [0x0000000080000000,0x000000008012d148,0x0000000082980000)
 Metaspace       used 7492K, capacity 7742K, committed 7936K, reserved 1056768K
  class space    used 911K, capacity 1005K, committed 1024K, reserved 1048576K
Event: 4.688 GC heap after
Heap after GC invocations=4 (full 0):
 PSYoungGen      total 18432K, used 2557K [0x00000000d5580000, 0x00000000d7980000, 0x0000000100000000)
  eden space 15872K, 0% used [0x00000000d5580000,0x00000000d5580000,0x00000000d6500000)
  from space 2560K, 99% used [0x00000000d6780000,0x00000000d69ff610,0x00000000d6a00000)
  to   space 2560K, 0% used [0x00000000d6500000,0x00000000d6500000,0x00000000d6780000)
 ParOldGen       total 42496K, used 1827K [0x0000000080000000, 0x0000000082980000, 0x00000000d5580000)
  object space 42496K, 4% used [0x0000000080000000,0x00000000801c8c10,0x0000000082980000)
 Metaspace       used 7492K, capacity 7742K, committed 7936K, reserved 1056768K
  class space    used 911K, capacity 1005K, committed 1024K, reserved 1048576K
}
Event: 4.907 GC heap before
{Heap before GC invocations=5 (full 0):
 PSYoungGen      total 18432K, used 18429K [0x00000000d5580000, 0x00000000d7980000, 0x0000000100000000)
  eden space 15872K, 100% used [0x00000000d5580000,0x00000000d6500000,0x00000000d6500000)
  from space 2560K, 99% used [0x00000000d6780000,0x00000000d69ff610,0x00000000d6a00000)
  to   space 2560K, 0% used [0x00000000d6500000,0x00000000d6500000,0x00000000d6780000)
 ParOldGen       total 42496K, used 1827K [0x0000000080000000, 0x0000000082980000, 0x00000000d5580000)
  object space 42496K, 4% used [0x0000000080000000,0x00000000801c8c10,0x0000000082980000)
 Metaspace       used 7926K, capacity 8214K, committed 8320K, reserved 1056768K
  class space    used 1018K, capacity 1141K, committed 1152K, reserved 1048576K
Event: 4.913 GC heap after
Heap after GC invocations=5 (full 0):
 PSYoungGen      total 18432K, used 2557K [0x00000000d5580000, 0x00000000d7d80000, 0x0000000100000000)
  eden space 15872K, 0% used [0x00000000d5580000,0x00000000d5580000,0x00000000d6500000)
  from space 2560K, 99% used [0x00000000d6500000,0x00000000d677f630,0x00000000d6780000)
  to   space 4608K, 0% used [0x00000000d7900000,0x00000000d7900000,0x00000000d7d80000)
 ParOldGen       total 42496K, used 2805K [0x0000000080000000, 0x0000000082980000, 0x00000000d5580000)
  object space 42496K, 6% used [0x0000000080000000,0x00000000802bd710,0x0000000082980000)
 Metaspace       used 7926K, capacity 8214K, committed 8320K, reserved 1056768K
  class space    used 1018K, capacity 1141K, committed 1152K, reserved 1048576K
}
Event: 6.420 GC heap before
{Heap before GC invocations=6 (full 0):
 PSYoungGen      total 18432K, used 18429K [0x00000000d5580000, 0x00000000d7d80000, 0x0000000100000000)
  eden space 15872K, 100% used [0x00000000d5580000,0x00000000d6500000,0x00000000d6500000)
  from space 2560K, 99% used [0x00000000d6500000,0x00000000d677f630,0x00000000d6780000)
  to   space 4608K, 0% used [0x00000000d7900000,0x00000000d7900000,0x00000000d7d80000)
 ParOldGen       total 42496K, used 2805K [0x0000000080000000, 0x0000000082980000, 0x00000000d5580000)
  object space 42496K, 6% used [0x0000000080000000,0x00000000802bd710,0x0000000082980000)
 Metaspace       used 11393K, capacity 11658K, committed 11904K, reserved 1058816K
  class space    used 1504K, capacity 1607K, committed 1664K, reserved 1048576K
Event: 6.430 GC heap after
Heap after GC invocations=6 (full 0):
 PSYoungGen      total 35840K, used 4605K [0x00000000d5580000, 0x00000000d7e80000, 0x0000000100000000)
  eden space 31232K, 0% used [0x00000000d5580000,0x00000000d5580000,0x00000000d7400000)
  from space 4608K, 99% used [0x00000000d7900000,0x00000000d7d7f630,0x00000000d7d80000)
  to   space 5120K, 0% used [0x00000000d7400000,0x00000000d7400000,0x00000000d7900000)
 ParOldGen       total 42496K, used 3028K [0x0000000080000000, 0x0000000082980000, 0x00000000d5580000)
  object space 42496K, 7% used [0x0000000080000000,0x00000000802f5190,0x0000000082980000)
 Metaspace       used 11393K, capacity 11658K, committed 11904K, reserved 1058816K
  class space    used 1504K, capacity 1607K, committed 1664K, reserved 1048576K
}
Event: 7.258 GC heap before
{Heap before GC invocations=7 (full 0):
 PSYoungGen      total 35840K, used 35837K [0x00000000d5580000, 0x00000000d7e80000, 0x0000000100000000)
  eden space 31232K, 100% used [0x00000000d5580000,0x00000000d7400000,0x00000000d7400000)
  from space 4608K, 99% used [0x00000000d7900000,0x00000000d7d7f630,0x00000000d7d80000)
  to   space 5120K, 0% used [0x00000000d7400000,0x00000000d7400000,0x00000000d7900000)
 ParOldGen       total 42496K, used 3028K [0x0000000080000000, 0x0000000082980000, 0x00000000d5580000)
  object space 42496K, 7% used [0x0000000080000000,0x00000000802f5190,0x0000000082980000)
 Metaspace       used 14371K, capacity 14866K, committed 14976K, reserved 1062912K
  class space    used 1976K, capacity 2131K, committed 2176K, reserved 1048576K
Event: 7.281 GC heap after
Heap after GC invocations=7 (full 0):
 PSYoungGen      total 36352K, used 5118K [0x00000000d5580000, 0x00000000d9f80000, 0x0000000100000000)
  eden space 31232K, 0% used [0x00000000d5580000,0x00000000d5580000,0x00000000d7400000)
  from space 5120K, 99% used [0x00000000d7400000,0x00000000d78ff848,0x00000000d7900000)
  to   space 6656K, 0% used [0x00000000d9900000,0x00000000d9900000,0x00000000d9f80000)
 ParOldGen       total 42496K, used 4720K [0x0000000080000000, 0x0000000082980000, 0x00000000d5580000)
  object space 42496K, 11% used [0x0000000080000000,0x000000008049c2c8,0x0000000082980000)
 Metaspace       used 14371K, capacity 14866K, committed 14976K, reserved 1062912K
  class space    used 1976K, capacity 2131K, committed 2176K, reserved 1048576K
}

Deoptimization events (10 events):
Event: 6.614 Thread 0x000000001a566800 Uncommon trap: reason=bimorphic action=maybe_recompile pc=0x0000000002ff9b84 method=java.util.HashMap.putVal(ILjava/lang/Object;Ljava/lang/Object;ZZ)Ljava/lang/Object; @ 253
Event: 7.151 Thread 0x000000001a566800 Uncommon trap: reason=class_check action=maybe_recompile pc=0x000000000306c19c method=java.util.regex.Matcher.match(II)Z @ 86
Event: 7.152 Thread 0x000000001a566800 Uncommon trap: reason=class_check action=maybe_recompile pc=0x000000000306c19c method=java.util.regex.Matcher.match(II)Z @ 86
Event: 7.152 Thread 0x000000001a566800 Uncommon trap: reason=class_check action=maybe_recompile pc=0x000000000306c19c method=java.util.regex.Matcher.match(II)Z @ 86
Event: 7.152 Thread 0x000000001a566800 Uncommon trap: reason=class_check action=maybe_recompile pc=0x0000000002ed6ccc method=java.util.regex.Matcher.match(II)Z @ 86
Event: 7.193 Thread 0x000000001a566800 Uncommon trap: reason=bimorphic action=maybe_recompile pc=0x0000000003247db4 method=java.util.regex.Matcher.match(II)Z @ 86
Event: 7.202 Thread 0x000000001a566800 Uncommon trap: reason=bimorphic action=maybe_recompile pc=0x0000000003247db4 method=java.util.regex.Matcher.match(II)Z @ 86
Event: 7.286 Thread 0x000000001a566800 Uncommon trap: reason=bimorphic action=maybe_recompile pc=0x0000000003247db4 method=java.util.regex.Matcher.match(II)Z @ 86
Event: 7.286 Thread 0x000000001a566800 Uncommon trap: reason=bimorphic action=maybe_recompile pc=0x0000000003247db4 method=java.util.regex.Matcher.match(II)Z @ 86
Event: 7.598 Thread 0x000000001a566800 Uncommon trap: reason=unstable_if action=reinterpret pc=0x0000000003061bd4 method=java.io.File.getName()Ljava/lang/String; @ 16

Classes redefined (0 events):
No events

Internal exceptions (10 events):
Event: 6.519 Thread 0x000000001a475800 Exception <a 'java/lang/NoSuchMethodError': <clinit>> (0x00000000d579c7d0) thrown at [C:\src\AOSP-openjdk-git\hotspot\src\share\vm\prims\jni.cpp, line 1615]
Event: 6.520 Thread 0x000000001a475800 Exception <a 'java/lang/NoSuchMethodError': <clinit>> (0x00000000d57a5380) thrown at [C:\src\AOSP-openjdk-git\hotspot\src\share\vm\prims\jni.cpp, line 1615]
Event: 6.524 Thread 0x000000001a475800 Exception <a 'java/lang/NoSuchMethodError': <clinit>> (0x00000000d57bb688) thrown at [C:\src\AOSP-openjdk-git\hotspot\src\share\vm\prims\jni.cpp, line 1615]
Event: 6.546 Thread 0x000000001a475800 Exception <a 'java/lang/NoSuchMethodError': <clinit>> (0x00000000d58370b0) thrown at [C:\src\AOSP-openjdk-git\hotspot\src\share\vm\prims\jni.cpp, line 1615]
Event: 6.554 Thread 0x000000001a475800 Exception <a 'java/lang/NoSuchMethodError': <clinit>> (0x00000000d5866778) thrown at [C:\src\AOSP-openjdk-git\hotspot\src\share\vm\prims\jni.cpp, line 1615]
Event: 6.561 Thread 0x000000001a475800 Exception <a 'java/lang/NoSuchMethodError': <clinit>> (0x00000000d5894d30) thrown at [C:\src\AOSP-openjdk-git\hotspot\src\share\vm\prims\jni.cpp, line 1615]
Event: 6.562 Thread 0x000000001a475800 Exception <a 'java/lang/NoSuchMethodError': <clinit>> (0x00000000d58a11a8) thrown at [C:\src\AOSP-openjdk-git\hotspot\src\share\vm\prims\jni.cpp, line 1615]
Event: 7.792 Thread 0x000000001a566800 Exception <a 'java/lang/NoSuchMethodError': java.lang.Object.lambda$and$0(Ljava/util/function/Predicate;Ljava/lang/Object;)Z> (0x00000000d5daa4c8) thrown at [C:\src\AOSP-openjdk-git\hotspot\src\share\vm\interpreter\linkResolver.cpp, line 620]
Event: 7.835 Thread 0x000000001a566800 Exception <a 'java/lang/IncompatibleClassChangeError': Found class java.lang.Object, but interface was expected> (0x00000000d5dba7c0) thrown at [C:\src\AOSP-openjdk-git\hotspot\src\share\vm\interpreter\linkResolver.cpp, line 653]
Event: 7.846 Thread 0x000000001a566800 Exception <a 'java/lang/NoSuchMethodError': java.lang.Object.lambda$or$2(Ljava/util/function/Predicate;Ljava/lang/Object;)Z> (0x00000000d5dbf310) thrown at [C:\src\AOSP-openjdk-git\hotspot\src\share\vm\interpreter\linkResolver.cpp, line 620]

Events (10 events):
Event: 8.052 loading class org/gradle/api/internal/artifacts/ivyservice/ivyresolve/strategy/VersionComparator
Event: 8.052 loading class org/gradle/api/internal/artifacts/ivyservice/ivyresolve/strategy/VersionComparator done
Event: 8.053 loading class org/gradle/api/internal/artifacts/ivyservice/ivyresolve/strategy/VersionSelectorScheme
Event: 8.053 loading class org/gradle/api/internal/artifacts/ivyservice/ivyresolve/strategy/VersionSelectorScheme done
Event: 8.055 loading class org/gradle/api/internal/artifacts/ivyservice/projectmodule/ProjectPublicationRegistry
Event: 8.055 loading class org/gradle/api/internal/artifacts/ivyservice/projectmodule/ProjectPublicationRegistry done
Event: 8.056 loading class org/gradle/api/internal/artifacts/ivyservice/projectmodule/LocalComponentRegistry
Event: 8.056 loading class org/gradle/api/internal/artifacts/ivyservice/projectmodule/LocalComponentRegistry done
Event: 8.057 loading class org/gradle/api/internal/artifacts/ArtifactDependencyResolver
Event: 8.057 loading class org/gradle/api/internal/artifacts/ArtifactDependencyResolver done


Dynamic libraries:
0x00007ff7b3c90000 - 0x00007ff7b3cc1000 	C:\Program Files\Android\Android Studio\jre\bin\java.exe
0x00007ffa02e70000 - 0x00007ffa03065000 	C:\WINDOWS\SYSTEM32\ntdll.dll
0x00007ffa021a0000 - 0x00007ffa0225d000 	C:\WINDOWS\System32\KERNEL32.DLL
0x00007ffa00ba0000 - 0x00007ffa00e68000 	C:\WINDOWS\System32\KERNELBASE.dll
0x00007ffa02470000 - 0x00007ffa0251c000 	C:\WINDOWS\System32\ADVAPI32.dll
0x00007ffa02d90000 - 0x00007ffa02e2e000 	C:\WINDOWS\System32\msvcrt.dll
0x00007ffa02550000 - 0x00007ffa025eb000 	C:\WINDOWS\System32\sechost.dll
0x00007ffa01630000 - 0x00007ffa0175b000 	C:\WINDOWS\System32\RPCRT4.dll
0x00007ffa01b20000 - 0x00007ffa01cc0000 	C:\WINDOWS\System32\USER32.dll
0x00007ffa00b70000 - 0x00007ffa00b92000 	C:\WINDOWS\System32\win32u.dll
0x00007ffa02520000 - 0x00007ffa0254a000 	C:\WINDOWS\System32\GDI32.dll
0x00007ffa00a60000 - 0x00007ffa00b6b000 	C:\WINDOWS\System32\gdi32full.dll
0x00007ffa009c0000 - 0x00007ffa00a5d000 	C:\WINDOWS\System32\msvcp_win.dll
0x00007ffa007e0000 - 0x00007ffa008e0000 	C:\WINDOWS\System32\ucrtbase.dll
0x00007ff9ea930000 - 0x00007ff9eabca000 	C:\WINDOWS\WinSxS\amd64_microsoft.windows.common-controls_6595b64144ccf1df_6.0.19041.844_none_ca00b6081b84eb1d\COMCTL32.dll
0x00007ffa02800000 - 0x00007ffa02830000 	C:\WINDOWS\System32\IMM32.DLL
0x00000000669e0000 - 0x0000000066ab2000 	C:\Program Files\Android\Android Studio\jre\jre\bin\msvcr100.dll
0x0000000066f70000 - 0x00000000677bb000 	C:\Program Files\Android\Android Studio\jre\jre\bin\server\jvm.dll
0x00007ffa02190000 - 0x00007ffa02198000 	C:\WINDOWS\System32\PSAPI.DLL
0x00007ff9fdbb0000 - 0x00007ff9fdbb9000 	C:\WINDOWS\SYSTEM32\WSOCK32.dll
0x00007ff9e9580000 - 0x00007ff9e95a7000 	C:\WINDOWS\SYSTEM32\WINMM.dll
0x00007ff9fdad0000 - 0x00007ff9fdada000 	C:\WINDOWS\SYSTEM32\VERSION.dll
0x00007ffa02d20000 - 0x00007ffa02d8b000 	C:\WINDOWS\System32\WS2_32.dll
0x00007ff9fdac0000 - 0x00007ff9fdacf000 	C:\Program Files\Android\Android Studio\jre\jre\bin\verify.dll
0x00007ff9fac10000 - 0x00007ff9fac39000 	C:\Program Files\Android\Android Studio\jre\jre\bin\java.dll
0x00007ff9fb9f0000 - 0x00007ff9fba06000 	C:\Program Files\Android\Android Studio\jre\jre\bin\zip.dll
0x00007ffa00ed0000 - 0x00007ffa01612000 	C:\WINDOWS\System32\SHELL32.dll
0x00007ff9fe340000 - 0x00007ff9fead0000 	C:\WINDOWS\SYSTEM32\windows.storage.dll
0x00007ffa017c0000 - 0x00007ffa01b15000 	C:\WINDOWS\System32\combase.dll
0x00007ff9fff50000 - 0x00007ff9fff7c000 	C:\WINDOWS\SYSTEM32\Wldp.dll
0x00007ffa028e0000 - 0x00007ffa0298e000 	C:\WINDOWS\System32\SHCORE.dll
0x00007ffa02130000 - 0x00007ffa02185000 	C:\WINDOWS\System32\shlwapi.dll
0x00007ffa004f0000 - 0x00007ffa0050f000 	C:\WINDOWS\SYSTEM32\profapi.dll
0x00007ff9f9750000 - 0x00007ff9f976a000 	C:\Program Files\Android\Android Studio\jre\jre\bin\net.dll
0x00007ff9ffcc0000 - 0x00007ff9ffd2a000 	C:\WINDOWS\system32\mswsock.dll
0x00007ff9f8d70000 - 0x00007ff9f8d83000 	C:\Program Files\Android\Android Studio\jre\jre\bin\nio.dll
0x00007ff9eb270000 - 0x00007ff9eb297000 	C:\Users\User\.gradle\native\f6784746aeab05261644944871eae4fe03e0ef1612fff0a4a95f87b438bc6780\windows-amd64\native-platform.dll
0x00007ff9fdaa0000 - 0x00007ff9fdaad000 	C:\Program Files\Android\Android Studio\jre\jre\bin\management.dll
0x00007ff9ffea0000 - 0x00007ff9ffeb8000 	C:\WINDOWS\SYSTEM32\CRYPTSP.dll
0x00007ff9ff660000 - 0x00007ff9ff694000 	C:\WINDOWS\system32\rsaenh.dll
0x00007ffa00990000 - 0x00007ffa009b7000 	C:\WINDOWS\System32\bcrypt.dll
0x00007ffa004b0000 - 0x00007ffa004de000 	C:\WINDOWS\SYSTEM32\USERENV.dll
0x00007ffa00760000 - 0x00007ffa007e0000 	C:\WINDOWS\System32\bcryptprimitives.dll
0x00007ff9ffe90000 - 0x00007ff9ffe9c000 	C:\WINDOWS\SYSTEM32\CRYPTBASE.dll
0x00007ff9ff9b0000 - 0x00007ff9ff9eb000 	C:\WINDOWS\SYSTEM32\IPHLPAPI.DLL
0x00007ffa02c80000 - 0x00007ffa02c88000 	C:\WINDOWS\System32\NSI.dll
0x00007ff9fdd20000 - 0x00007ff9fdd37000 	C:\WINDOWS\SYSTEM32\dhcpcsvc6.DLL
0x00007ff9fdd00000 - 0x00007ff9fdd1d000 	C:\WINDOWS\SYSTEM32\dhcpcsvc.DLL
0x00007ff9ff9f0000 - 0x00007ff9ffabc000 	C:\WINDOWS\SYSTEM32\DNSAPI.dll
0x00007ff9f95f0000 - 0x00007ff9f95fb000 	C:\WINDOWS\SYSTEM32\WINNSI.DLL

VM Arguments:
jvm_args: -Xmx2048m -Dfile.encoding=UTF-8 -Duser.country=US -Duser.language=en -Duser.variant 
java_command: org.gradle.launcher.daemon.bootstrap.GradleDaemon 6.5
java_class_path (initial): C:\Users\User\.gradle\wrapper\dists\gradle-6.5-bin\6nifqtx7604sqp1q6g8wikw7p\gradle-6.5\lib\gradle-launcher-6.5.jar
Launcher Type: SUN_STANDARD

Environment Variables:
PATH=C:\Program Files\Common Files\Oracle\Java\javapath;C:\Apache24\bin;C:\WINDOWS\system32;C:\WINDOWS;C:\WINDOWS\System32\Wbem;C:\WINDOWS\System32\WindowsPowerShell\v1.0\;C:\WINDOWS\System32\OpenSSH\;C:\Program Files\Git\cmd;C:\MinGW\bin;C:\Program Files\Java\jdk-11.0.2;C:\Users\User\AppData\Local\Microsoft\WindowsApps;C:\Program Files\Java\jdk-15\bin;
USERNAME=User
OS=Windows_NT
PROCESSOR_IDENTIFIER=Intel64 Family 6 Model 122 Stepping 1, GenuineIntel



---------------  S Y S T E M  ---------------

OS: Windows 10.0 , 64 bit Build 19041 (10.0.19041.928)

CPU:total 4 (initial active 4) (4 cores per cpu, 1 threads per core) family 6 model 122 stepping 1, cmov, cx8, fxsr, mmx, sse, sse2, sse3, ssse3, sse4.1, sse4.2, popcnt, aes, clmul, erms, 3dnowpref, tsc, tscinvbit

Memory: 4k page, physical 4005196k(213812k free), swap 16063820k(2144k free)

vm_info: OpenJDK 64-Bit Server VM (25.242-b01) for windows-amd64 JRE (1.8.0_242-release-1644-b01), built by "builder" with MS VC++ 10.0 (VS2010)

time: Mon May 24 14:08:23 2021
timezone: Bangladesh Standard Time
elapsed time: 8 seconds (0d 0h 0m 8s)

